[2024-12-01T03:22:46.365Z] ERROR: DiscordAPIError[40060]: Interaction has already been acknowledged.
    at handleErrors (/Users/anthonyeichhorst/Desktop/The Man/node_modules/@discordjs/rest/dist/index.js:727:13)
    at process.processTicksAndRejections (node:internal/process/task_queues:105:5)
    at async BurstHandler.runRequest (/Users/anthonyeichhorst/Desktop/The Man/node_modules/@discordjs/rest/dist/index.js:831:23)
    at async _REST.request (/Users/anthonyeichhorst/Desktop/The Man/node_modules/@discordjs/rest/dist/index.js:1272:22)
    at async ChatInputCommandInteraction.reply (/Users/anthonyeichhorst/Desktop/The Man/node_modules/discord.js/src/structures/interfaces/InteractionResponses.js:115:5)
    at async Object.execute (/Users/anthonyeichhorst/Desktop/The Man/events/interactionCreate.js:23:17)
[2024-12-01T03:37:33.023Z] ERROR: Error [InteractionAlreadyReplied]: The reply to this interaction has already been sent or deferred.
    at ChatInputCommandInteraction.reply (/Users/anthonyeichhorst/Desktop/The Man/node_modules/discord.js/src/structures/interfaces/InteractionResponses.js:105:46)
    at Object.execute (/Users/anthonyeichhorst/Desktop/The Man/events/messageCreate.js:16:31)
    at process.processTicksAndRejections (node:internal/process/task_queues:105:5)
[2024-12-01T03:37:59.920Z] ERROR: DiscordAPIError[40060]: Interaction has already been acknowledged.
    at handleErrors (/Users/anthonyeichhorst/Desktop/The Man/node_modules/@discordjs/rest/dist/index.js:727:13)
    at process.processTicksAndRejections (node:internal/process/task_queues:105:5)
    at async BurstHandler.runRequest (/Users/anthonyeichhorst/Desktop/The Man/node_modules/@discordjs/rest/dist/index.js:831:23)
    at async _REST.request (/Users/anthonyeichhorst/Desktop/The Man/node_modules/@discordjs/rest/dist/index.js:1272:22)
    at async ChatInputCommandInteraction.reply (/Users/anthonyeichhorst/Desktop/The Man/node_modules/discord.js/src/structures/interfaces/InteractionResponses.js:115:5)
    at async Object.execute (/Users/anthonyeichhorst/Desktop/The Man/events/interactionCreate.js:23:17)
[2024-12-01T03:57:16.017Z] ERROR: DiscordAPIError[40060]: Interaction has already been acknowledged.
    at handleErrors (/Users/anthonyeichhorst/Desktop/The Man/node_modules/@discordjs/rest/dist/index.js:727:13)
    at process.processTicksAndRejections (node:internal/process/task_queues:105:5)
    at async BurstHandler.runRequest (/Users/anthonyeichhorst/Desktop/The Man/node_modules/@discordjs/rest/dist/index.js:831:23)
    at async _REST.request (/Users/anthonyeichhorst/Desktop/The Man/node_modules/@discordjs/rest/dist/index.js:1272:22)
    at async ChatInputCommandInteraction.reply (/Users/anthonyeichhorst/Desktop/The Man/node_modules/discord.js/src/structures/interfaces/InteractionResponses.js:115:5)
    at async Object.execute (/Users/anthonyeichhorst/Desktop/The Man/events/messageCreate.js:16:13)
[2024-12-01T04:04:45.899Z] ERROR: DiscordAPIError[40060]: Interaction has already been acknowledged.
    at handleErrors (/Users/anthonyeichhorst/Desktop/The Man/node_modules/@discordjs/rest/dist/index.js:727:13)
    at process.processTicksAndRejections (node:internal/process/task_queues:105:5)
    at async BurstHandler.runRequest (/Users/anthonyeichhorst/Desktop/The Man/node_modules/@discordjs/rest/dist/index.js:831:23)
    at async _REST.request (/Users/anthonyeichhorst/Desktop/The Man/node_modules/@discordjs/rest/dist/index.js:1272:22)
    at async ChatInputCommandInteraction.reply (/Users/anthonyeichhorst/Desktop/The Man/node_modules/discord.js/src/structures/interfaces/InteractionResponses.js:115:5)
    at async Object.execute (/Users/anthonyeichhorst/Desktop/The Man/events/messageCreate.js:16:13)
